<?xml version="1.0" encoding="UTF-8"?>
<!-- Generated by org.testng.reporters.JUnitXMLReporter -->
<testsuite ignored="0" hostname="DESKTOP-K8C255O" failures="0" tests="6" name="Default test" time="0.256" errors="0" timestamp="2022-10-07T20:37:48 GMT-07:00">
  <testcase classname="testNG.Data_Provider" name="adactin_Runner" time="0.016"/>
  <testcase classname="testNG.Data_Provider" name="adactin_Runner" time="0.006"/>
  <testcase classname="testNG.Data_Provider" name="adactin_Runner" time="0.008"/>
  <testcase classname="testNG.Data_Provider" name="aoutomation_Runner" time="0.032"/>
  <testcase classname="testNG.Data_Provider" name="aoutomation_Runner" time="0.008"/>
  <testcase classname="testNG.Data_Provider" name="aoutomation_Runner" time="0.008"/>
</testsuite> <!-- Default test -->
