<?xml version="1.0" encoding="UTF-8"?>
<!-- Generated by org.testng.reporters.JUnitXMLReporter -->
<testsuite ignored="2" hostname="DESKTOP-K8C255O" failures="0" tests="3" name="Test" time="0.194" errors="0" timestamp="2022-06-18T20:02:53 GMT-07:00">
  <testcase classname="testNG.Grouping_Methods" name="FAF" time="0.023"/>
  <testcase classname="testNG.Grouping_Methods" name="KOHLI" time="0.007"/>
  <testcase classname="testNG.Grouping_Methods" name="ROHIT" time="0.011"/>
  <testcase classname="testNG.Grouping_Methods" name="MSD" time="0.0">
    <ignored/>
  </testcase> <!-- MSD -->
  <testcase classname="testNG.Grouping_Methods" name="JADU" time="0.0">
    <ignored/>
  </testcase> <!-- JADU -->
</testsuite> <!-- Test -->
